
ROM used:   2526/8192 (31%)
            3411/8192 (42%) including unused fragments

            1.7 Average locations per line
            6.3 Average locations per statement

RAM used:   31/368 (8%) at main() level
            45/368 (12%) worst case

Stack used: 5 worst case (5 in main + 0 for interrupts)
Stack size: 8

Lines Stmts  %   Files
----- ----- ---  -----
  380   298  75  khoaso.c
   10     0   0  khoaso.h
  672     0   0  E:\Program\PICC\Devices\16F877A.h
  456   100  25  E:\Program\PICC\Drivers\lcd.c
----- -----
 1518   398 Total

Page ROM  %  RAM    Vol Diff  Functions:
---- --- --- ---    --- ----  ----------
0     20   1    1             @delay_ms2
 Inline         3    760  4.5  lcd_read_byte
0     49   2    2    262  3.7  lcd_read_nibble
0     48   2    1    399  2.4  lcd_send_nibble
0     94   4    3    415  3.7  lcd_send_byte
0     70   3    6    852  6.2  lcd_init
0     18   1    4    208  6.3  lcd_gotoxy
0     44   2    1    354  4.7  lcd_putc
0     20   1    0             @const662
 Inline         1    394  2.4  quetcot
0    131   5    3    537  6.2  quetphim
0    118   5    1    426  1.4  khoitao
0      3   0    0             @const673
0     88   3    4             @PSTRINGC7_9600_62_63
0      3   0    0             @const675
0      7   0    0             @const676
0      5   0    0             @const677
0      9   0    0             @const678
0    199   8   10    375  1.8  baodong
1   1363  54   25  12615  9.0  MAIN
0      8   0    0             @const694
0     86   3    4             @PSTRINGC7_650
0      1   0    0             @const697
0      1   0    0             @const699
0      1   0    0             @const701
0      1   0    0             @const703
0      1   0    0             @const705
0      1   0    0             @const707
0      5   0    0             @const708
0      5   0    0             @const709
0      7   0    0             @const710
0      9   0    0             @const711
0      8   0    0             @const712
0      1   0    0             @const713
0      1   0    0             @const714
0      1   0    0             @const715
0      1   0    0             @const716
0      1   0    0             @const717
0      1   0    0             @const718
0      6   0    0             @const719
0      8   0    0             @const720
0      6   0    0             @const721
0      7   0    0             @const722
0      3   0    0             @const723
0      7   0    0             @const724
0      7   0    0             @const725
0      7   0    0             @const726
0      3   0    0             @const727
0      7   0    0             @const728
0      6   0    0             @const729
0      7   0    0             @const731
0      7   0    0             @const732
0      5   0    0             @const733
0      7   0    0             @const734
 Inline         0             @cinit1

Program metrics:
    Functions               12
    Statements              398
    Comments                235
    Volume (V)              22888
    Difficulty (D)          49.6
    Effort to implement (E) 1136379
    Time to implement (T)   17 hours, 32 minutes
    Est Delivered Bugs (B)  4
    Cyclomatic Complexity   48
    Maintainability (MI)    101

 Segment     Used  Free
-----------  ----  ----
00000-00003     4  0  
00004-007FF  1159  885  
00800-00FFF  1363  685  
01000-017FF     0  2048  
01800-01FFF     0  2048  



