Removed Pin From Net: NetName=5V Pin=C2-1
Removed Pin From Net: NetName=GND Pin=C2-2
Removed Pin From Net: NetName=5V Pin=C4-1
Removed Pin From Net: NetName=GND Pin=C4-2
Removed Pin From Net: NetName=5V Pin=C5-1
Removed Pin From Net: NetName=GND Pin=C5-2
Removed Pin From Net: NetName=5V Pin=C6-1
Removed Pin From Net: NetName=GND Pin=C6-2
Removed Member From Class: ClassName=Sheet1 Member=C4
Removed Member From Class: ClassName=Sheet1 Member=C5
Removed Member From Class: ClassName=Sheet1 Member=C6
Change Component Comment : Designator=* Old Comment=Servo  New Comment=Servo
Change Component Designator: OldDesignator=C3 NewDesignator=C2
Change Component Designator: OldDesignator=Crystal  NewDesignator=Crystal
Added Component: Designator=C3(Cap 10mm)
Add component. Clean all parameters for all variants
Add component (AddParameter): Name = "Description 1"; Value = "10 => 220uF/6,3V/10V - 10uF => 100uF/16V"; VariantName = "[No Variations]"
Add component (AddParameter): Name = "Description 2"; Value = "0,1uF => 33uF/50V - 10uF => 22uF/63V"; VariantName = "[No Variations]"
Add component (AddParameter): Name = "Description 3"; Value = "0,47uF => 10uF/100V"; VariantName = "[No Variations]"
Add component (AddParameter): Name = "Value"; Value = "10uF/50V"; VariantName = "[No Variations]"
Added Pin To Net: NetName=5V Pin=C3-1
Added Pin To Net: NetName=GND Pin=C3-2
Change Net Name : Old Net Name=C1 New Net Name=Net*_2
Change Net Name : Old Net Name=Vpp New Net Name=NetC1_1
Added Pin To Net: NetName=TA1 Pin=C7-2
Added Pin To Net: NetName=TA1 Pin=Crystal-2
Added Pin To Net: NetName=TA1 Pin=PIC-13
Added Net: Name=TA1
Added Pin To Net: NetName=TA2 Pin=C8-2
Added Pin To Net: NetName=TA2 Pin=Crystal-1
Added Pin To Net: NetName=TA2 Pin=PIC-14
Added Net: Name=TA2
Added Member To Class: ClassName=Sheet1 Member=Component * Servo
Added Member To Class: ClassName=Sheet1 Member=Component Crystal 20MHz
