Removed Pin From Net: NetName=NetLS_2 Pin=Q1-1
Removed Pin From Net: NetName=NetPIC_24 Pin=Q1-2
Removed Pin From Net: NetName=GND Pin=Q1-3
Change Component Footprint: Designator=Q1 Old Footprint=BCE New Footprint=TO92-ECB-W
Change Component Comment : Designator=Q1 Old Comment=Transistor NPN New Comment=C1815
Change component parameters: Designator = "Q1"; Footprint = "TO92-ECB-W"; UniqueID = "\EJSXNOAB"
Change component parameters. Clean all parameters for all variants
Change component parameters (AddParameter): Name = "COMPONENT"; Value = "2SC1815"; VariantName = "[No Variations]"
Change component parameters (AddParameter): Name = "ComponentLink1Description"; Value = "Digikey Part Link"; VariantName = "[No Variations]"
Change component parameters (AddParameter): Name = "ComponentLink1URL"; Value = ""; VariantName = "[No Variations]"
Change component parameters (AddParameter): Name = "ComponentLink2Description"; Value = "Open Datasheet"; VariantName = "[No Variations]"
Change component parameters (AddParameter): Name = "ComponentLink2URL"; Value = "H:\LIBRARY\LIBRARY.Datasheet\"; VariantName = "[No Variations]"
Change component parameters (AddParameter): Name = "Manufacturer"; Value = ""; VariantName = "[No Variations]"
Change component parameters (AddParameter): Name = "Manufacturer P/N"; Value = ""; VariantName = "[No Variations]"
Change component parameters (AddParameter): Name = "Price"; Value = "500VND"; VariantName = "[No Variations]"
Change component parameters (AddParameter): Name = "PSpiceTemplate"; Value = "Q^@REFDES %c %b %e @MODEL"; VariantName = "[No Variations]"
Change component parameters (AddParameter): Name = "Published"; Value = "13-April-2009"; VariantName = "[No Variations]"
Change component parameters (AddParameter): Name = "Publisher"; Value = "Hoang Nguyen"; VariantName = "[No Variations]"
Change component parameters (AddParameter): Name = "Vendor"; Value = "Digikey"; VariantName = "[No Variations]"
Change component parameters (AddParameter): Name = "Vendor P/N"; Value = ""; VariantName = "[No Variations]"
Added Pin To Net: NetName=NetPIC_24 Pin=Q1-1
Added Pin To Net: NetName=GND Pin=Q1-2
Added Pin To Net: NetName=NetLS_2 Pin=Q1-3
Added Member To Class: ClassName=Sheet1 Member=Component * Servo
Added Member To Class: ClassName=Sheet1 Member=Component SW SW-2P-S
Added Room: Name=Sheet1
