Removed Pin From Net: NetName=5V Pin=*-3
Removed Pin From Net: NetName=5V Pin=C3-1
Change Component DesignItemId : Designator=* Old DesignItemId=Servo New DesignItemId=Servo 
Added Component: Designator=W(RAD-0.2)
Add component. Clean all parameters for all variants
Add component (AddParameter): Name = "LatestRevisionDate"; Value = "17-Jul-2002"; VariantName = "[No Variations]"
Add component (AddParameter): Name = "LatestRevisionNote"; Value = "Re-released for DXP Platform."; VariantName = "[No Variations]"
Add component (AddParameter): Name = "PackageDescription"; Value = "Radial Cap, Thru-Hole; 2 Leads; 0.2 in Pin Spacing"; VariantName = "[No Variations]"
Add component (AddParameter): Name = "PackageReference"; Value = "RAD-0.2"; VariantName = "[No Variations]"
Add component (AddParameter): Name = "Published"; Value = "24-Mar-1999"; VariantName = "[No Variations]"
Add component (AddParameter): Name = "Publisher"; Value = "Altium Limited"; VariantName = "[No Variations]"
Added Pin To Net: NetName=5V Pin=W-2
Added Pin To Net: NetName=Net*_3 Pin=*-3
Added Pin To Net: NetName=Net*_3 Pin=C3-1
Added Pin To Net: NetName=Net*_3 Pin=W-1
Added Net: Name=Net*_3
Added Member To Class: ClassName=Sheet1 Member=Component * Servo 
Added Member To Class: ClassName=Sheet1 Member=Component Crystal  20MHz
Added Member To Class: ClassName=Sheet1 Member=Component W Jumper
Added Room: Name=Sheet1
